<?xml version="1.0" encoding="utf-8"?><testsuites name="pytest tests"><testsuite name="pytest" errors="0" failures="0" skipped="0" tests="11" time="2.138" timestamp="2026-08-12T16:55:47.427018+00:00" hostname="agent-env-b3177746-a160-4e2a-b548-cdda5a73f81f"><testcase classname="backend.tests.backend_test.TestRegions" name="test_list_regions" time="0.266" /><testcase classname="backend.tests.backend_test.TestRegions" name="test_region_story_graph[bali]" time="0.070" /><testcase classname="backend.tests.backend_test.TestRegions" name="test_region_story_graph[aceh]" time="0.065" /><testcase classname="backend.tests.backend_test.TestRegions" name="test_region_not_found" time="0.061" /><testcase classname="backend.tests.backend_test.TestProgress" name="test_get_empty_progress" time="0.079" /><testcase classname="backend.tests.backend_test.TestProgress" name="test_explore_then_complete_flow" time="0.273" /><testcase classname="backend.tests.backend_test.TestProgress" name="test_invalid_region_slug" time="0.065" /><testcase classname="backend.tests.backend_test.TestProgress" name="test_explorer_level_thresholds" time="0.673" /><testcase classname="backend.tests.backend_test.TestVoice" name="test_voice_wall_seeded" time="0.063" /><testcase classname="backend.tests.backend_test.TestVoice" name="test_voice_submit_pending_not_on_wall" time="0.144" /><testcase classname="backend.tests.backend_test.TestVoice" name="test_voice_submit_empty_rejected" time="0.059" /></testsuite></testsuites>